{"/Users/kellyel/git/roar-dashboard/src/firebaseInit.js": {"path":"/Users/kellyel/git/roar-dashboard/src/firebaseInit.js","all":false,"statementMap":{"0":{"start":{"line":1,"column":0},"end":{"line":1,"column":45}},"1":{"start":{"line":2,"column":0},"end":{"line":2,"column":8}},"2":{"start":{"line":3,"column":0},"end":{"line":3,"column":29}},"3":{"start":{"line":4,"column":0},"end":{"line":4,"column":15}},"4":{"start":{"line":5,"column":0},"end":{"line":5,"column":6}},"5":{"start":{"line":6,"column":0},"end":{"line":6,"column":13}},"6":{"start":{"line":7,"column":0},"end":{"line":7,"column":28}},"7":{"start":{"line":8,"column":0},"end":{"line":8,"column":40}},"8":{"start":{"line":9,"column":0},"end":{"line":9,"column":30}},"9":{"start":{"line":10,"column":0},"end":{"line":10,"column":47}},"10":{"start":{"line":11,"column":0},"end":{"line":11,"column":0}},"11":{"start":{"line":12,"column":0},"end":{"line":12,"column":50}},"12":{"start":{"line":13,"column":0},"end":{"line":13,"column":0}},"13":{"start":{"line":14,"column":0},"end":{"line":14,"column":75}},"14":{"start":{"line":15,"column":0},"end":{"line":15,"column":15}},"15":{"start":{"line":16,"column":0},"end":{"line":16,"column":78}},"16":{"start":{"line":17,"column":0},"end":{"line":17,"column":24}},"17":{"start":{"line":18,"column":0},"end":{"line":18,"column":82}},"18":{"start":{"line":19,"column":0},"end":{"line":19,"column":76}},"19":{"start":{"line":20,"column":0},"end":{"line":20,"column":46}},"20":{"start":{"line":21,"column":0},"end":{"line":21,"column":0}},"21":{"start":{"line":22,"column":0},"end":{"line":22,"column":47}},"22":{"start":{"line":23,"column":0},"end":{"line":23,"column":42}},"23":{"start":{"line":24,"column":0},"end":{"line":24,"column":16}},"24":{"start":{"line":25,"column":0},"end":{"line":25,"column":113}},"25":{"start":{"line":26,"column":0},"end":{"line":26,"column":6}},"26":{"start":{"line":27,"column":0},"end":{"line":27,"column":58}},"27":{"start":{"line":28,"column":0},"end":{"line":28,"column":30}},"28":{"start":{"line":29,"column":0},"end":{"line":29,"column":10}},"29":{"start":{"line":30,"column":0},"end":{"line":30,"column":43}},"30":{"start":{"line":31,"column":0},"end":{"line":31,"column":16}},"31":{"start":{"line":32,"column":0},"end":{"line":32,"column":104}},"32":{"start":{"line":33,"column":0},"end":{"line":33,"column":6}},"33":{"start":{"line":34,"column":0},"end":{"line":34,"column":54}},"34":{"start":{"line":35,"column":0},"end":{"line":35,"column":46}},"35":{"start":{"line":36,"column":0},"end":{"line":36,"column":10}},"36":{"start":{"line":37,"column":0},"end":{"line":37,"column":3}},"37":{"start":{"line":38,"column":0},"end":{"line":38,"column":3}},"38":{"start":{"line":39,"column":0},"end":{"line":39,"column":74}},"39":{"start":{"line":40,"column":0},"end":{"line":40,"column":0}},"40":{"start":{"line":41,"column":0},"end":{"line":41,"column":23}},"41":{"start":{"line":42,"column":0},"end":{"line":42,"column":45}},"42":{"start":{"line":43,"column":0},"end":{"line":43,"column":43}},"43":{"start":{"line":44,"column":0},"end":{"line":44,"column":43}},"44":{"start":{"line":45,"column":0},"end":{"line":45,"column":48}},"45":{"start":{"line":46,"column":0},"end":{"line":46,"column":0}},"46":{"start":{"line":47,"column":0},"end":{"line":47,"column":60}}},"s":{"0":1,"1":1,"2":1,"3":1,"4":1,"5":1,"6":1,"7":1,"8":1,"9":1,"10":1,"11":1,"12":1,"13":1,"14":1,"15":1,"16":1,"17":1,"18":1,"19":1,"20":1,"21":1,"22":1,"23":0,"24":0,"25":0,"26":0,"27":0,"28":0,"29":1,"30":1,"31":1,"32":1,"33":1,"34":1,"35":1,"36":1,"37":1,"38":1,"39":1,"40":1,"41":1,"42":1,"43":1,"44":1,"45":1,"46":1},"branchMap":{"0":{"type":"branch","line":22,"loc":{"start":{"line":22,"column":37},"end":{"line":38,"column":2}},"locations":[{"start":{"line":22,"column":37},"end":{"line":38,"column":2}}]},"1":{"type":"branch","line":23,"loc":{"start":{"line":23,"column":41},"end":{"line":30,"column":3}},"locations":[{"start":{"line":23,"column":41},"end":{"line":30,"column":3}}]}},"b":{"0":[1],"1":[0]},"fnMap":{},"f":{}}
,"/Users/kellyel/git/roar-dashboard/src/config/firebase.js": {"path":"/Users/kellyel/git/roar-dashboard/src/config/firebase.js","all":false,"statementMap":{"0":{"start":{"line":1,"column":0},"end":{"line":1,"column":16}},"1":{"start":{"line":2,"column":0},"end":{"line":2,"column":52}},"2":{"start":{"line":3,"column":0},"end":{"line":3,"column":47}},"3":{"start":{"line":4,"column":0},"end":{"line":4,"column":68}},"4":{"start":{"line":5,"column":0},"end":{"line":5,"column":30}},"5":{"start":{"line":6,"column":0},"end":{"line":6,"column":46}},"6":{"start":{"line":7,"column":0},"end":{"line":7,"column":36}},"7":{"start":{"line":8,"column":0},"end":{"line":8,"column":53}},"8":{"start":{"line":9,"column":0},"end":{"line":9,"column":32}},"9":{"start":{"line":10,"column":0},"end":{"line":10,"column":2}}},"s":{"0":1,"1":1,"2":1,"3":1,"4":1,"5":1,"6":1,"7":1,"8":1,"9":1},"branchMap":{},"b":{},"fnMap":{},"f":{}}
,"/Users/kellyel/git/roar-dashboard/src/helpers/index.js": {"path":"/Users/kellyel/git/roar-dashboard/src/helpers/index.js","all":false,"statementMap":{"0":{"start":{"line":1,"column":0},"end":{"line":1,"column":88}},"1":{"start":{"line":2,"column":0},"end":{"line":2,"column":48}},"2":{"start":{"line":3,"column":0},"end":{"line":3,"column":62}},"3":{"start":{"line":4,"column":0},"end":{"line":4,"column":34}},"4":{"start":{"line":5,"column":0},"end":{"line":5,"column":0}},"5":{"start":{"line":6,"column":0},"end":{"line":6,"column":38}},"6":{"start":{"line":7,"column":0},"end":{"line":7,"column":76}},"7":{"start":{"line":8,"column":0},"end":{"line":8,"column":6}},"8":{"start":{"line":9,"column":0},"end":{"line":9,"column":324}},"9":{"start":{"line":10,"column":0},"end":{"line":10,"column":15}},"10":{"start":{"line":11,"column":0},"end":{"line":11,"column":8}},"11":{"start":{"line":12,"column":0},"end":{"line":12,"column":1619}},"12":{"start":{"line":13,"column":0},"end":{"line":13,"column":28}},"13":{"start":{"line":14,"column":0},"end":{"line":14,"column":5}},"14":{"start":{"line":15,"column":0},"end":{"line":15,"column":3}},"15":{"start":{"line":16,"column":0},"end":{"line":16,"column":16}},"16":{"start":{"line":17,"column":0},"end":{"line":17,"column":0}},"17":{"start":{"line":18,"column":0},"end":{"line":18,"column":15}},"18":{"start":{"line":19,"column":0},"end":{"line":19,"column":2}},"19":{"start":{"line":20,"column":0},"end":{"line":20,"column":0}},"20":{"start":{"line":21,"column":0},"end":{"line":21,"column":59}},"21":{"start":{"line":22,"column":0},"end":{"line":22,"column":35}},"22":{"start":{"line":23,"column":0},"end":{"line":23,"column":41}},"23":{"start":{"line":24,"column":0},"end":{"line":24,"column":0}},"24":{"start":{"line":25,"column":0},"end":{"line":25,"column":19}},"25":{"start":{"line":26,"column":0},"end":{"line":26,"column":34}},"26":{"start":{"line":27,"column":0},"end":{"line":27,"column":69}},"27":{"start":{"line":28,"column":0},"end":{"line":28,"column":5}},"28":{"start":{"line":29,"column":0},"end":{"line":29,"column":15}},"29":{"start":{"line":30,"column":0},"end":{"line":30,"column":2}},"30":{"start":{"line":31,"column":0},"end":{"line":31,"column":0}},"31":{"start":{"line":32,"column":0},"end":{"line":32,"column":49}},"32":{"start":{"line":33,"column":0},"end":{"line":33,"column":55}},"33":{"start":{"line":34,"column":0},"end":{"line":34,"column":0}},"34":{"start":{"line":35,"column":0},"end":{"line":35,"column":32}},"35":{"start":{"line":36,"column":0},"end":{"line":36,"column":26}},"36":{"start":{"line":37,"column":0},"end":{"line":37,"column":5}},"37":{"start":{"line":38,"column":0},"end":{"line":38,"column":2}},"38":{"start":{"line":39,"column":0},"end":{"line":39,"column":0}},"39":{"start":{"line":40,"column":0},"end":{"line":40,"column":69}},"40":{"start":{"line":41,"column":0},"end":{"line":41,"column":57}},"41":{"start":{"line":42,"column":0},"end":{"line":42,"column":41}},"42":{"start":{"line":43,"column":0},"end":{"line":43,"column":0}},"43":{"start":{"line":44,"column":0},"end":{"line":44,"column":28}},"44":{"start":{"line":45,"column":0},"end":{"line":45,"column":16}},"45":{"start":{"line":46,"column":0},"end":{"line":46,"column":39}},"46":{"start":{"line":47,"column":0},"end":{"line":47,"column":40}},"47":{"start":{"line":48,"column":0},"end":{"line":48,"column":10}},"48":{"start":{"line":49,"column":0},"end":{"line":49,"column":55}},"49":{"start":{"line":50,"column":0},"end":{"line":50,"column":3}},"50":{"start":{"line":51,"column":0},"end":{"line":51,"column":2}},"51":{"start":{"line":52,"column":0},"end":{"line":52,"column":0}},"52":{"start":{"line":53,"column":0},"end":{"line":53,"column":66}},"53":{"start":{"line":54,"column":0},"end":{"line":54,"column":29}},"54":{"start":{"line":55,"column":0},"end":{"line":55,"column":18}},"55":{"start":{"line":56,"column":0},"end":{"line":56,"column":16}},"56":{"start":{"line":57,"column":0},"end":{"line":57,"column":5}},"57":{"start":{"line":58,"column":0},"end":{"line":58,"column":0}},"58":{"start":{"line":59,"column":0},"end":{"line":59,"column":24}},"59":{"start":{"line":60,"column":0},"end":{"line":60,"column":27}},"60":{"start":{"line":61,"column":0},"end":{"line":61,"column":2}},"61":{"start":{"line":62,"column":0},"end":{"line":62,"column":0}},"62":{"start":{"line":63,"column":0},"end":{"line":63,"column":3}},"63":{"start":{"line":64,"column":0},"end":{"line":64,"column":62}},"64":{"start":{"line":65,"column":0},"end":{"line":65,"column":55}},"65":{"start":{"line":66,"column":0},"end":{"line":66,"column":35}},"66":{"start":{"line":67,"column":0},"end":{"line":67,"column":11}},"67":{"start":{"line":68,"column":0},"end":{"line":68,"column":3}},"68":{"start":{"line":69,"column":0},"end":{"line":69,"column":44}},"69":{"start":{"line":70,"column":0},"end":{"line":70,"column":30}},"70":{"start":{"line":71,"column":0},"end":{"line":71,"column":44}},"71":{"start":{"line":72,"column":0},"end":{"line":72,"column":2}},"72":{"start":{"line":73,"column":0},"end":{"line":73,"column":0}},"73":{"start":{"line":74,"column":0},"end":{"line":74,"column":3}},"74":{"start":{"line":75,"column":0},"end":{"line":75,"column":48}},"75":{"start":{"line":76,"column":0},"end":{"line":76,"column":80}},"76":{"start":{"line":77,"column":0},"end":{"line":77,"column":48}},"77":{"start":{"line":78,"column":0},"end":{"line":78,"column":64}},"78":{"start":{"line":79,"column":0},"end":{"line":79,"column":67}},"79":{"start":{"line":80,"column":0},"end":{"line":80,"column":3}},"80":{"start":{"line":81,"column":0},"end":{"line":81,"column":48}},"81":{"start":{"line":82,"column":0},"end":{"line":82,"column":65}},"82":{"start":{"line":83,"column":0},"end":{"line":83,"column":36}},"83":{"start":{"line":84,"column":0},"end":{"line":84,"column":32}},"84":{"start":{"line":85,"column":0},"end":{"line":85,"column":10}},"85":{"start":{"line":86,"column":0},"end":{"line":86,"column":29}},"86":{"start":{"line":87,"column":0},"end":{"line":87,"column":3}},"87":{"start":{"line":88,"column":0},"end":{"line":88,"column":2}},"88":{"start":{"line":89,"column":0},"end":{"line":89,"column":0}},"89":{"start":{"line":90,"column":0},"end":{"line":90,"column":39}},"90":{"start":{"line":91,"column":0},"end":{"line":91,"column":63}},"91":{"start":{"line":92,"column":0},"end":{"line":92,"column":28}},"92":{"start":{"line":93,"column":0},"end":{"line":93,"column":2}},"93":{"start":{"line":94,"column":0},"end":{"line":94,"column":0}},"94":{"start":{"line":95,"column":0},"end":{"line":95,"column":40}},"95":{"start":{"line":96,"column":0},"end":{"line":96,"column":23}},"96":{"start":{"line":97,"column":0},"end":{"line":97,"column":29}},"97":{"start":{"line":98,"column":0},"end":{"line":98,"column":60}},"98":{"start":{"line":99,"column":0},"end":{"line":99,"column":0}},"99":{"start":{"line":100,"column":0},"end":{"line":100,"column":33}},"100":{"start":{"line":101,"column":0},"end":{"line":101,"column":2}},"101":{"start":{"line":102,"column":0},"end":{"line":102,"column":0}},"102":{"start":{"line":103,"column":0},"end":{"line":103,"column":37}},"103":{"start":{"line":104,"column":0},"end":{"line":104,"column":9}},"104":{"start":{"line":105,"column":0},"end":{"line":105,"column":15}},"105":{"start":{"line":106,"column":0},"end":{"line":106,"column":13}},"106":{"start":{"line":107,"column":0},"end":{"line":107,"column":12}},"107":{"start":{"line":108,"column":0},"end":{"line":108,"column":12}},"108":{"start":{"line":109,"column":0},"end":{"line":109,"column":12}},"109":{"start":{"line":110,"column":0},"end":{"line":110,"column":12}},"110":{"start":{"line":111,"column":0},"end":{"line":111,"column":12}},"111":{"start":{"line":112,"column":0},"end":{"line":112,"column":14}},"112":{"start":{"line":113,"column":0},"end":{"line":113,"column":46}},"113":{"start":{"line":114,"column":0},"end":{"line":114,"column":46}},"114":{"start":{"line":115,"column":0},"end":{"line":115,"column":44}},"115":{"start":{"line":116,"column":0},"end":{"line":116,"column":44}},"116":{"start":{"line":117,"column":0},"end":{"line":117,"column":0}},"117":{"start":{"line":118,"column":0},"end":{"line":118,"column":10}},"118":{"start":{"line":119,"column":0},"end":{"line":119,"column":16}},"119":{"start":{"line":120,"column":0},"end":{"line":120,"column":14}},"120":{"start":{"line":121,"column":0},"end":{"line":121,"column":13}},"121":{"start":{"line":122,"column":0},"end":{"line":122,"column":13}},"122":{"start":{"line":123,"column":0},"end":{"line":123,"column":4}},"123":{"start":{"line":124,"column":0},"end":{"line":124,"column":1}},"124":{"start":{"line":125,"column":0},"end":{"line":125,"column":0}},"125":{"start":{"line":126,"column":0},"end":{"line":126,"column":57}},"126":{"start":{"line":127,"column":0},"end":{"line":127,"column":59}},"127":{"start":{"line":128,"column":0},"end":{"line":128,"column":61}},"128":{"start":{"line":129,"column":0},"end":{"line":129,"column":1}},"129":{"start":{"line":130,"column":0},"end":{"line":130,"column":0}},"130":{"start":{"line":131,"column":0},"end":{"line":131,"column":63}},"131":{"start":{"line":132,"column":0},"end":{"line":132,"column":56}},"132":{"start":{"line":133,"column":0},"end":{"line":133,"column":32}},"133":{"start":{"line":134,"column":0},"end":{"line":134,"column":16}},"134":{"start":{"line":135,"column":0},"end":{"line":135,"column":3}},"135":{"start":{"line":136,"column":0},"end":{"line":136,"column":58}},"136":{"start":{"line":137,"column":0},"end":{"line":137,"column":83}},"137":{"start":{"line":138,"column":0},"end":{"line":138,"column":1}},"138":{"start":{"line":139,"column":0},"end":{"line":139,"column":0}},"139":{"start":{"line":140,"column":0},"end":{"line":140,"column":66}},"140":{"start":{"line":141,"column":0},"end":{"line":141,"column":0}},"141":{"start":{"line":142,"column":0},"end":{"line":142,"column":45}},"142":{"start":{"line":143,"column":0},"end":{"line":143,"column":14}},"143":{"start":{"line":144,"column":0},"end":{"line":144,"column":38}},"144":{"start":{"line":145,"column":0},"end":{"line":145,"column":2}},"145":{"start":{"line":146,"column":0},"end":{"line":146,"column":0}},"146":{"start":{"line":147,"column":0},"end":{"line":147,"column":36}},"147":{"start":{"line":148,"column":0},"end":{"line":148,"column":20}},"148":{"start":{"line":149,"column":0},"end":{"line":149,"column":0}},"149":{"start":{"line":150,"column":0},"end":{"line":150,"column":24}},"150":{"start":{"line":151,"column":0},"end":{"line":151,"column":39}},"151":{"start":{"line":152,"column":0},"end":{"line":152,"column":40}},"152":{"start":{"line":153,"column":0},"end":{"line":153,"column":30}},"153":{"start":{"line":154,"column":0},"end":{"line":154,"column":84}},"154":{"start":{"line":155,"column":0},"end":{"line":155,"column":38}},"155":{"start":{"line":156,"column":0},"end":{"line":156,"column":29}},"156":{"start":{"line":157,"column":0},"end":{"line":157,"column":55}},"157":{"start":{"line":158,"column":0},"end":{"line":158,"column":7}},"158":{"start":{"line":159,"column":0},"end":{"line":159,"column":12}},"159":{"start":{"line":160,"column":0},"end":{"line":160,"column":31}},"160":{"start":{"line":161,"column":0},"end":{"line":161,"column":5}},"161":{"start":{"line":162,"column":0},"end":{"line":162,"column":3}},"162":{"start":{"line":163,"column":0},"end":{"line":163,"column":16}},"163":{"start":{"line":164,"column":0},"end":{"line":164,"column":1}},"164":{"start":{"line":165,"column":0},"end":{"line":165,"column":0}},"165":{"start":{"line":166,"column":0},"end":{"line":166,"column":44}},"166":{"start":{"line":167,"column":0},"end":{"line":167,"column":36}},"167":{"start":{"line":168,"column":0},"end":{"line":168,"column":28}},"168":{"start":{"line":169,"column":0},"end":{"line":169,"column":19}},"169":{"start":{"line":170,"column":0},"end":{"line":170,"column":26}},"170":{"start":{"line":171,"column":0},"end":{"line":171,"column":27}},"171":{"start":{"line":172,"column":0},"end":{"line":172,"column":36}},"172":{"start":{"line":173,"column":0},"end":{"line":173,"column":42}},"173":{"start":{"line":174,"column":0},"end":{"line":174,"column":33}},"174":{"start":{"line":175,"column":0},"end":{"line":175,"column":9}},"175":{"start":{"line":176,"column":0},"end":{"line":176,"column":30}},"176":{"start":{"line":177,"column":0},"end":{"line":177,"column":8}},"177":{"start":{"line":178,"column":0},"end":{"line":178,"column":7}},"178":{"start":{"line":179,"column":0},"end":{"line":179,"column":5}},"179":{"start":{"line":180,"column":0},"end":{"line":180,"column":0}},"180":{"start":{"line":181,"column":0},"end":{"line":181,"column":66}},"181":{"start":{"line":182,"column":0},"end":{"line":182,"column":24}},"182":{"start":{"line":183,"column":0},"end":{"line":183,"column":24}},"183":{"start":{"line":184,"column":0},"end":{"line":184,"column":18}},"184":{"start":{"line":185,"column":0},"end":{"line":185,"column":0}},"185":{"start":{"line":186,"column":0},"end":{"line":186,"column":67}},"186":{"start":{"line":187,"column":0},"end":{"line":187,"column":19}},"187":{"start":{"line":188,"column":0},"end":{"line":188,"column":100}},"188":{"start":{"line":189,"column":0},"end":{"line":189,"column":44}},"189":{"start":{"line":190,"column":0},"end":{"line":190,"column":4}},"190":{"start":{"line":191,"column":0},"end":{"line":191,"column":2}}},"s":{"0":1,"1":1,"2":1,"3":1,"4":1,"5":1,"6":0,"7":0,"8":0,"9":0,"10":0,"11":0,"12":0,"13":0,"14":0,"15":0,"16":0,"17":0,"18":0,"19":1,"20":1,"21":0,"22":0,"23":0,"24":0,"25":0,"26":0,"27":0,"28":0,"29":0,"30":1,"31":1,"32":0,"33":0,"34":0,"35":0,"36":0,"37":0,"38":1,"39":1,"40":0,"41":0,"42":0,"43":0,"44":0,"45":0,"46":0,"47":0,"48":0,"49":0,"50":0,"51":1,"52":1,"53":0,"54":0,"55":0,"56":0,"57":0,"58":0,"59":0,"60":0,"61":1,"62":1,"63":1,"64":1,"65":1,"66":1,"67":1,"68":1,"69":0,"70":0,"71":0,"72":1,"73":1,"74":1,"75":1,"76":1,"77":1,"78":1,"79":1,"80":1,"81":0,"82":0,"83":0,"84":0,"85":0,"86":0,"87":0,"88":1,"89":1,"90":0,"91":0,"92":0,"93":1,"94":1,"95":0,"96":0,"97":0,"98":0,"99":0,"100":0,"101":1,"102":1,"103":0,"104":0,"105":0,"106":0,"107":0,"108":0,"109":0,"110":0,"111":0,"112":0,"113":0,"114":0,"115":0,"116":0,"117":0,"118":0,"119":0,"120":0,"121":0,"122":0,"123":0,"124":1,"125":1,"126":0,"127":0,"128":0,"129":1,"130":1,"131":0,"132":0,"133":0,"134":0,"135":0,"136":0,"137":0,"138":1,"139":1,"140":1,"141":1,"142":0,"143":0,"144":0,"145":1,"146":1,"147":0,"148":0,"149":0,"150":0,"151":0,"152":0,"153":0,"154":0,"155":0,"156":0,"157":0,"158":0,"159":0,"160":0,"161":0,"162":0,"163":0,"164":1,"165":1,"166":0,"167":0,"168":0,"169":0,"170":0,"171":0,"172":0,"173":0,"174":0,"175":0,"176":0,"177":0,"178":1,"179":1,"180":1,"181":1,"182":1,"183":1,"184":1,"185":1,"186":1,"187":1,"188":1,"189":1,"190":1},"branchMap":{"0":{"type":"branch","line":181,"loc":{"start":{"line":181,"column":33},"end":{"line":191,"column":2}},"locations":[{"start":{"line":181,"column":33},"end":{"line":191,"column":2}}]},"1":{"type":"branch","line":184,"loc":{"start":{"line":184,"column":2},"end":{"line":184,"column":18}},"locations":[{"start":{"line":184,"column":2},"end":{"line":184,"column":18}}]},"2":{"type":"branch","line":189,"loc":{"start":{"line":189,"column":35},"end":{"line":189,"column":38}},"locations":[{"start":{"line":189,"column":35},"end":{"line":189,"column":38}}]},"3":{"type":"branch","line":186,"loc":{"start":{"line":186,"column":26},"end":{"line":186,"column":49}},"locations":[{"start":{"line":186,"column":26},"end":{"line":186,"column":49}}]},"4":{"type":"branch","line":188,"loc":{"start":{"line":188,"column":15},"end":{"line":188,"column":58}},"locations":[{"start":{"line":188,"column":15},"end":{"line":188,"column":58}}]},"5":{"type":"branch","line":188,"loc":{"start":{"line":188,"column":71},"end":{"line":188,"column":94}},"locations":[{"start":{"line":188,"column":71},"end":{"line":188,"column":94}}]}},"b":{"0":[1],"1":[0],"2":[0],"3":[7],"4":[7],"5":[7]},"fnMap":{"0":{"name":"isMobileBrowser","decl":{"start":{"line":6,"column":31},"end":{"line":19,"column":2}},"loc":{"start":{"line":6,"column":31},"end":{"line":19,"column":2}},"line":6},"1":{"name":"getRolesFromAdminCollection","decl":{"start":{"line":21,"column":43},"end":{"line":30,"column":2}},"loc":{"start":{"line":21,"column":43},"end":{"line":30,"column":2}},"line":21},"2":{"name":"addUserToRequests","decl":{"start":{"line":32,"column":33},"end":{"line":38,"column":2}},"loc":{"start":{"line":32,"column":33},"end":{"line":38,"column":2}},"line":32},"3":{"name":"getDocsFromQuery","decl":{"start":{"line":40,"column":32},"end":{"line":51,"column":2}},"loc":{"start":{"line":40,"column":32},"end":{"line":51,"column":2}},"line":40},"4":{"name":"userToFirestore","decl":{"start":{"line":53,"column":31},"end":{"line":61,"column":2}},"loc":{"start":{"line":53,"column":31},"end":{"line":61,"column":2}},"line":53},"5":{"name":"findById","decl":{"start":{"line":69,"column":24},"end":{"line":72,"column":2}},"loc":{"start":{"line":69,"column":24},"end":{"line":72,"column":2}},"line":69},"6":{"name":"upsert","decl":{"start":{"line":81,"column":22},"end":{"line":88,"column":2}},"loc":{"start":{"line":81,"column":22},"end":{"line":88,"column":2}},"line":81},"7":{"name":"arrayRandom","decl":{"start":{"line":90,"column":27},"end":{"line":93,"column":2}},"loc":{"start":{"line":90,"column":27},"end":{"line":93,"column":2}},"line":90},"8":{"name":"getIds","decl":{"start":{"line":95,"column":22},"end":{"line":101,"column":2}},"loc":{"start":{"line":95,"column":22},"end":{"line":101,"column":2}},"line":95},"9":{"name":"getOrgs","decl":{"start":{"line":103,"column":23},"end":{"line":124,"column":1}},"loc":{"start":{"line":103,"column":23},"end":{"line":124,"column":1}},"line":103},"10":{"name":"getUniquePropsFromUsers","decl":{"start":{"line":126,"column":39},"end":{"line":129,"column":1}},"loc":{"start":{"line":126,"column":39},"end":{"line":129,"column":1}},"line":126},"11":{"name":"userHasSelectedOrgs","decl":{"start":{"line":131,"column":35},"end":{"line":138,"column":1}},"loc":{"start":{"line":131,"column":35},"end":{"line":138,"column":1}},"line":131},"12":{"name":"formatDate","decl":{"start":{"line":140,"column":26},"end":{"line":140,"column":65}},"loc":{"start":{"line":140,"column":26},"end":{"line":140,"column":65}},"line":140},"13":{"name":"camelCase","decl":{"start":{"line":142,"column":18},"end":{"line":145,"column":2}},"loc":{"start":{"line":142,"column":18},"end":{"line":145,"column":2}},"line":142},"14":{"name":"flattenObj","decl":{"start":{"line":147,"column":26},"end":{"line":164,"column":1}},"loc":{"start":{"line":147,"column":26},"end":{"line":164,"column":1}},"line":147},"15":{"name":"csvFileToJson","decl":{"start":{"line":166,"column":29},"end":{"line":179,"column":4}},"loc":{"start":{"line":166,"column":29},"end":{"line":179,"column":4}},"line":166},"16":{"name":"standardDeviation","decl":{"start":{"line":181,"column":33},"end":{"line":191,"column":2}},"loc":{"start":{"line":181,"column":33},"end":{"line":191,"column":2}},"line":181}},"f":{"0":0,"1":0,"2":0,"3":0,"4":0,"5":0,"6":0,"7":0,"8":0,"9":0,"10":0,"11":0,"12":0,"13":0,"14":0,"15":0,"16":1}}
,"/Users/kellyel/git/roar-dashboard/src/helpers/scores.js": {"path":"/Users/kellyel/git/roar-dashboard/src/helpers/scores.js","all":false,"statementMap":{"0":{"start":{"line":1,"column":0},"end":{"line":1,"column":29}},"1":{"start":{"line":2,"column":0},"end":{"line":2,"column":29}},"2":{"start":{"line":3,"column":0},"end":{"line":3,"column":33}},"3":{"start":{"line":4,"column":0},"end":{"line":4,"column":37}},"4":{"start":{"line":5,"column":0},"end":{"line":5,"column":46}},"5":{"start":{"line":6,"column":0},"end":{"line":6,"column":0}},"6":{"start":{"line":7,"column":0},"end":{"line":7,"column":46}},"7":{"start":{"line":8,"column":0},"end":{"line":8,"column":38}},"8":{"start":{"line":9,"column":0},"end":{"line":9,"column":2}},"9":{"start":{"line":10,"column":0},"end":{"line":10,"column":0}},"10":{"start":{"line":11,"column":0},"end":{"line":11,"column":42}},"11":{"start":{"line":12,"column":0},"end":{"line":12,"column":10}},"12":{"start":{"line":13,"column":0},"end":{"line":13,"column":29}},"13":{"start":{"line":14,"column":0},"end":{"line":14,"column":31}},"14":{"start":{"line":15,"column":0},"end":{"line":15,"column":26}},"15":{"start":{"line":16,"column":0},"end":{"line":16,"column":4}},"16":{"start":{"line":17,"column":0},"end":{"line":17,"column":1}},"17":{"start":{"line":18,"column":0},"end":{"line":18,"column":0}},"18":{"start":{"line":19,"column":0},"end":{"line":19,"column":48}},"19":{"start":{"line":20,"column":0},"end":{"line":20,"column":23}},"20":{"start":{"line":21,"column":0},"end":{"line":21,"column":48}},"21":{"start":{"line":22,"column":0},"end":{"line":22,"column":0}},"22":{"start":{"line":23,"column":0},"end":{"line":23,"column":50}},"23":{"start":{"line":24,"column":0},"end":{"line":24,"column":28}},"24":{"start":{"line":25,"column":0},"end":{"line":25,"column":15}},"25":{"start":{"line":26,"column":0},"end":{"line":26,"column":72}},"26":{"start":{"line":27,"column":0},"end":{"line":27,"column":15}},"27":{"start":{"line":28,"column":0},"end":{"line":28,"column":33}},"28":{"start":{"line":29,"column":0},"end":{"line":29,"column":61}},"29":{"start":{"line":30,"column":0},"end":{"line":30,"column":43}},"30":{"start":{"line":31,"column":0},"end":{"line":31,"column":96}},"31":{"start":{"line":32,"column":0},"end":{"line":32,"column":98}},"32":{"start":{"line":33,"column":0},"end":{"line":33,"column":8}},"33":{"start":{"line":34,"column":0},"end":{"line":34,"column":12}},"34":{"start":{"line":35,"column":0},"end":{"line":35,"column":0}},"35":{"start":{"line":36,"column":0},"end":{"line":36,"column":14}},"36":{"start":{"line":37,"column":0},"end":{"line":37,"column":27}},"37":{"start":{"line":38,"column":0},"end":{"line":38,"column":15}},"38":{"start":{"line":39,"column":0},"end":{"line":39,"column":33}},"39":{"start":{"line":40,"column":0},"end":{"line":40,"column":21}},"40":{"start":{"line":41,"column":0},"end":{"line":41,"column":43}},"41":{"start":{"line":42,"column":0},"end":{"line":42,"column":96}},"42":{"start":{"line":43,"column":0},"end":{"line":43,"column":97}},"43":{"start":{"line":44,"column":0},"end":{"line":44,"column":8}},"44":{"start":{"line":45,"column":0},"end":{"line":45,"column":12}},"45":{"start":{"line":46,"column":0},"end":{"line":46,"column":0}},"46":{"start":{"line":47,"column":0},"end":{"line":47,"column":15}},"47":{"start":{"line":48,"column":0},"end":{"line":48,"column":17}},"48":{"start":{"line":49,"column":0},"end":{"line":49,"column":12}},"49":{"start":{"line":50,"column":0},"end":{"line":50,"column":75}},"50":{"start":{"line":51,"column":0},"end":{"line":51,"column":12}},"51":{"start":{"line":52,"column":0},"end":{"line":52,"column":3}},"52":{"start":{"line":53,"column":0},"end":{"line":53,"column":0}},"53":{"start":{"line":54,"column":0},"end":{"line":54,"column":2}},"54":{"start":{"line":55,"column":0},"end":{"line":55,"column":0}},"55":{"start":{"line":56,"column":0},"end":{"line":56,"column":50}},"56":{"start":{"line":57,"column":0},"end":{"line":57,"column":49}},"57":{"start":{"line":58,"column":0},"end":{"line":58,"column":2}},"58":{"start":{"line":59,"column":0},"end":{"line":59,"column":0}},"59":{"start":{"line":60,"column":0},"end":{"line":60,"column":50}},"60":{"start":{"line":61,"column":0},"end":{"line":61,"column":56}},"61":{"start":{"line":62,"column":0},"end":{"line":62,"column":53}},"62":{"start":{"line":63,"column":0},"end":{"line":63,"column":45}},"63":{"start":{"line":64,"column":0},"end":{"line":64,"column":1}},"64":{"start":{"line":65,"column":0},"end":{"line":65,"column":0}},"65":{"start":{"line":66,"column":0},"end":{"line":66,"column":47}},"66":{"start":{"line":67,"column":0},"end":{"line":67,"column":34}},"67":{"start":{"line":68,"column":0},"end":{"line":68,"column":40}},"68":{"start":{"line":69,"column":0},"end":{"line":69,"column":0}},"69":{"start":{"line":70,"column":0},"end":{"line":70,"column":61}},"70":{"start":{"line":71,"column":0},"end":{"line":71,"column":55}},"71":{"start":{"line":72,"column":0},"end":{"line":72,"column":0}},"72":{"start":{"line":73,"column":0},"end":{"line":73,"column":33}},"73":{"start":{"line":74,"column":0},"end":{"line":74,"column":2}},"74":{"start":{"line":75,"column":0},"end":{"line":75,"column":0}},"75":{"start":{"line":76,"column":0},"end":{"line":76,"column":35}},"76":{"start":{"line":77,"column":0},"end":{"line":77,"column":15}},"77":{"start":{"line":78,"column":0},"end":{"line":78,"column":39}},"78":{"start":{"line":79,"column":0},"end":{"line":79,"column":16}},"79":{"start":{"line":80,"column":0},"end":{"line":80,"column":28}},"80":{"start":{"line":81,"column":0},"end":{"line":81,"column":24}},"81":{"start":{"line":82,"column":0},"end":{"line":82,"column":39}},"82":{"start":{"line":83,"column":0},"end":{"line":83,"column":18}},"83":{"start":{"line":84,"column":0},"end":{"line":84,"column":61}},"84":{"start":{"line":85,"column":0},"end":{"line":85,"column":19}},"85":{"start":{"line":86,"column":0},"end":{"line":86,"column":55}},"86":{"start":{"line":87,"column":0},"end":{"line":87,"column":19}},"87":{"start":{"line":88,"column":0},"end":{"line":88,"column":51}},"88":{"start":{"line":89,"column":0},"end":{"line":89,"column":19}},"89":{"start":{"line":90,"column":0},"end":{"line":90,"column":51}},"90":{"start":{"line":91,"column":0},"end":{"line":91,"column":19}},"91":{"start":{"line":92,"column":0},"end":{"line":92,"column":63}},"92":{"start":{"line":93,"column":0},"end":{"line":93,"column":18}},"93":{"start":{"line":94,"column":0},"end":{"line":94,"column":48}},"94":{"start":{"line":95,"column":0},"end":{"line":95,"column":22}},"95":{"start":{"line":96,"column":0},"end":{"line":96,"column":41}},"96":{"start":{"line":97,"column":0},"end":{"line":97,"column":48}},"97":{"start":{"line":98,"column":0},"end":{"line":98,"column":37}},"98":{"start":{"line":99,"column":0},"end":{"line":99,"column":34}},"99":{"start":{"line":100,"column":0},"end":{"line":100,"column":12}},"100":{"start":{"line":101,"column":0},"end":{"line":101,"column":55}},"101":{"start":{"line":102,"column":0},"end":{"line":102,"column":30}},"102":{"start":{"line":103,"column":0},"end":{"line":103,"column":5}},"103":{"start":{"line":104,"column":0},"end":{"line":104,"column":10}},"104":{"start":{"line":105,"column":0},"end":{"line":105,"column":24}},"105":{"start":{"line":106,"column":0},"end":{"line":106,"column":35}},"106":{"start":{"line":107,"column":0},"end":{"line":107,"column":0}},"107":{"start":{"line":108,"column":0},"end":{"line":108,"column":23}},"108":{"start":{"line":109,"column":0},"end":{"line":109,"column":19}},"109":{"start":{"line":110,"column":0},"end":{"line":110,"column":32}},"110":{"start":{"line":111,"column":0},"end":{"line":111,"column":18}},"111":{"start":{"line":112,"column":0},"end":{"line":112,"column":52}},"112":{"start":{"line":113,"column":0},"end":{"line":113,"column":34}},"113":{"start":{"line":114,"column":0},"end":{"line":114,"column":12}},"114":{"start":{"line":115,"column":0},"end":{"line":115,"column":22}},"115":{"start":{"line":116,"column":0},"end":{"line":116,"column":5}},"116":{"start":{"line":117,"column":0},"end":{"line":117,"column":0}},"117":{"start":{"line":118,"column":0},"end":{"line":118,"column":3}},"118":{"start":{"line":119,"column":0},"end":{"line":119,"column":0}},"119":{"start":{"line":120,"column":0},"end":{"line":120,"column":2}},"120":{"start":{"line":121,"column":0},"end":{"line":121,"column":0}},"121":{"start":{"line":122,"column":0},"end":{"line":122,"column":55}},"122":{"start":{"line":123,"column":0},"end":{"line":123,"column":14}},"123":{"start":{"line":124,"column":0},"end":{"line":124,"column":0}},"124":{"start":{"line":125,"column":0},"end":{"line":125,"column":62}},"125":{"start":{"line":126,"column":0},"end":{"line":126,"column":55}},"126":{"start":{"line":127,"column":0},"end":{"line":127,"column":73}},"127":{"start":{"line":128,"column":0},"end":{"line":128,"column":10}},"128":{"start":{"line":129,"column":0},"end":{"line":129,"column":129}},"129":{"start":{"line":130,"column":0},"end":{"line":130,"column":3}},"130":{"start":{"line":131,"column":0},"end":{"line":131,"column":17}},"131":{"start":{"line":132,"column":0},"end":{"line":132,"column":2}},"132":{"start":{"line":133,"column":0},"end":{"line":133,"column":0}},"133":{"start":{"line":134,"column":0},"end":{"line":134,"column":55}},"134":{"start":{"line":135,"column":0},"end":{"line":135,"column":114}},"135":{"start":{"line":136,"column":0},"end":{"line":136,"column":66}},"136":{"start":{"line":137,"column":0},"end":{"line":137,"column":48}},"137":{"start":{"line":138,"column":0},"end":{"line":138,"column":2}},"138":{"start":{"line":139,"column":0},"end":{"line":139,"column":0}},"139":{"start":{"line":140,"column":0},"end":{"line":140,"column":80}},"140":{"start":{"line":141,"column":0},"end":{"line":141,"column":19}},"141":{"start":{"line":142,"column":0},"end":{"line":142,"column":0}},"142":{"start":{"line":143,"column":0},"end":{"line":143,"column":18}},"143":{"start":{"line":144,"column":0},"end":{"line":144,"column":14}},"144":{"start":{"line":145,"column":0},"end":{"line":145,"column":70}},"145":{"start":{"line":146,"column":0},"end":{"line":146,"column":133}},"146":{"start":{"line":147,"column":0},"end":{"line":147,"column":14}},"147":{"start":{"line":148,"column":0},"end":{"line":148,"column":133}},"148":{"start":{"line":149,"column":0},"end":{"line":149,"column":7}},"149":{"start":{"line":150,"column":0},"end":{"line":150,"column":12}},"150":{"start":{"line":151,"column":0},"end":{"line":151,"column":0}},"151":{"start":{"line":152,"column":0},"end":{"line":152,"column":15}},"152":{"start":{"line":153,"column":0},"end":{"line":153,"column":64}},"153":{"start":{"line":154,"column":0},"end":{"line":154,"column":43}},"154":{"start":{"line":155,"column":0},"end":{"line":155,"column":75}},"155":{"start":{"line":156,"column":0},"end":{"line":156,"column":12}},"156":{"start":{"line":157,"column":0},"end":{"line":157,"column":131}},"157":{"start":{"line":158,"column":0},"end":{"line":158,"column":5}},"158":{"start":{"line":159,"column":0},"end":{"line":159,"column":12}},"159":{"start":{"line":160,"column":0},"end":{"line":160,"column":0}},"160":{"start":{"line":161,"column":0},"end":{"line":161,"column":15}},"161":{"start":{"line":162,"column":0},"end":{"line":162,"column":17}},"162":{"start":{"line":163,"column":0},"end":{"line":163,"column":89}},"163":{"start":{"line":164,"column":0},"end":{"line":164,"column":12}},"164":{"start":{"line":165,"column":0},"end":{"line":165,"column":0}},"165":{"start":{"line":166,"column":0},"end":{"line":166,"column":12}},"166":{"start":{"line":167,"column":0},"end":{"line":167,"column":59}},"167":{"start":{"line":168,"column":0},"end":{"line":168,"column":3}},"168":{"start":{"line":169,"column":0},"end":{"line":169,"column":0}},"169":{"start":{"line":170,"column":0},"end":{"line":170,"column":18}},"170":{"start":{"line":171,"column":0},"end":{"line":171,"column":2}},"171":{"start":{"line":172,"column":0},"end":{"line":172,"column":0}},"172":{"start":{"line":173,"column":0},"end":{"line":173,"column":52}},"173":{"start":{"line":174,"column":0},"end":{"line":174,"column":71}},"174":{"start":{"line":175,"column":0},"end":{"line":175,"column":85}},"175":{"start":{"line":176,"column":0},"end":{"line":176,"column":89}},"176":{"start":{"line":177,"column":0},"end":{"line":177,"column":41}},"177":{"start":{"line":178,"column":0},"end":{"line":178,"column":0}},"178":{"start":{"line":179,"column":0},"end":{"line":179,"column":72}},"179":{"start":{"line":180,"column":0},"end":{"line":180,"column":19}},"180":{"start":{"line":181,"column":0},"end":{"line":181,"column":50}},"181":{"start":{"line":182,"column":0},"end":{"line":182,"column":2}},"182":{"start":{"line":183,"column":0},"end":{"line":183,"column":0}},"183":{"start":{"line":184,"column":0},"end":{"line":184,"column":42}},"184":{"start":{"line":185,"column":0},"end":{"line":185,"column":74}},"185":{"start":{"line":186,"column":0},"end":{"line":186,"column":56}},"186":{"start":{"line":187,"column":0},"end":{"line":187,"column":0}},"187":{"start":{"line":188,"column":0},"end":{"line":188,"column":16}},"188":{"start":{"line":189,"column":0},"end":{"line":189,"column":19}},"189":{"start":{"line":190,"column":0},"end":{"line":190,"column":13}},"190":{"start":{"line":191,"column":0},"end":{"line":191,"column":3}},"191":{"start":{"line":192,"column":0},"end":{"line":192,"column":0}},"192":{"start":{"line":193,"column":0},"end":{"line":193,"column":28}},"193":{"start":{"line":194,"column":0},"end":{"line":194,"column":28}},"194":{"start":{"line":195,"column":0},"end":{"line":195,"column":0}},"195":{"start":{"line":196,"column":0},"end":{"line":196,"column":26}},"196":{"start":{"line":197,"column":0},"end":{"line":197,"column":30}},"197":{"start":{"line":198,"column":0},"end":{"line":198,"column":3}},"198":{"start":{"line":199,"column":0},"end":{"line":199,"column":0}},"199":{"start":{"line":200,"column":0},"end":{"line":200,"column":26}},"200":{"start":{"line":201,"column":0},"end":{"line":201,"column":30}},"201":{"start":{"line":202,"column":0},"end":{"line":202,"column":3}},"202":{"start":{"line":203,"column":0},"end":{"line":203,"column":0}},"203":{"start":{"line":204,"column":0},"end":{"line":204,"column":26}},"204":{"start":{"line":205,"column":0},"end":{"line":205,"column":26}},"205":{"start":{"line":206,"column":0},"end":{"line":206,"column":14}},"206":{"start":{"line":207,"column":0},"end":{"line":207,"column":15}},"207":{"start":{"line":208,"column":0},"end":{"line":208,"column":8}},"208":{"start":{"line":209,"column":0},"end":{"line":209,"column":16}},"209":{"start":{"line":210,"column":0},"end":{"line":210,"column":30}},"210":{"start":{"line":211,"column":0},"end":{"line":211,"column":38}},"211":{"start":{"line":212,"column":0},"end":{"line":212,"column":13}},"212":{"start":{"line":213,"column":0},"end":{"line":213,"column":10}},"213":{"start":{"line":214,"column":0},"end":{"line":214,"column":31}},"214":{"start":{"line":215,"column":0},"end":{"line":215,"column":14}},"215":{"start":{"line":216,"column":0},"end":{"line":216,"column":3}},"216":{"start":{"line":217,"column":0},"end":{"line":217,"column":1}},"217":{"start":{"line":218,"column":0},"end":{"line":218,"column":0}},"218":{"start":{"line":219,"column":0},"end":{"line":219,"column":3}},"219":{"start":{"line":220,"column":0},"end":{"line":220,"column":44}},"220":{"start":{"line":221,"column":0},"end":{"line":221,"column":25}},"221":{"start":{"line":222,"column":0},"end":{"line":222,"column":72}},"222":{"start":{"line":223,"column":0},"end":{"line":223,"column":18}},"223":{"start":{"line":224,"column":0},"end":{"line":224,"column":14}},"224":{"start":{"line":225,"column":0},"end":{"line":225,"column":115}},"225":{"start":{"line":226,"column":0},"end":{"line":226,"column":44}},"226":{"start":{"line":227,"column":0},"end":{"line":227,"column":68}},"227":{"start":{"line":228,"column":0},"end":{"line":228,"column":52}},"228":{"start":{"line":229,"column":0},"end":{"line":229,"column":33}},"229":{"start":{"line":230,"column":0},"end":{"line":230,"column":15}},"230":{"start":{"line":231,"column":0},"end":{"line":231,"column":35}},"231":{"start":{"line":232,"column":0},"end":{"line":232,"column":8}},"232":{"start":{"line":233,"column":0},"end":{"line":233,"column":14}},"233":{"start":{"line":234,"column":0},"end":{"line":234,"column":19}},"234":{"start":{"line":235,"column":0},"end":{"line":235,"column":25}},"235":{"start":{"line":236,"column":0},"end":{"line":236,"column":8}},"236":{"start":{"line":237,"column":0},"end":{"line":237,"column":0}},"237":{"start":{"line":238,"column":0},"end":{"line":238,"column":15}},"238":{"start":{"line":239,"column":0},"end":{"line":239,"column":50}},"239":{"start":{"line":240,"column":0},"end":{"line":240,"column":25}},"240":{"start":{"line":241,"column":0},"end":{"line":241,"column":0}},"241":{"start":{"line":242,"column":0},"end":{"line":242,"column":15}},"242":{"start":{"line":243,"column":0},"end":{"line":243,"column":40}},"243":{"start":{"line":244,"column":0},"end":{"line":244,"column":111}},"244":{"start":{"line":245,"column":0},"end":{"line":245,"column":39}},"245":{"start":{"line":246,"column":0},"end":{"line":246,"column":33}},"246":{"start":{"line":247,"column":0},"end":{"line":247,"column":68}},"247":{"start":{"line":248,"column":0},"end":{"line":248,"column":92}},"248":{"start":{"line":249,"column":0},"end":{"line":249,"column":8}},"249":{"start":{"line":250,"column":0},"end":{"line":250,"column":22}},"250":{"start":{"line":251,"column":0},"end":{"line":251,"column":0}},"251":{"start":{"line":252,"column":0},"end":{"line":252,"column":17}},"252":{"start":{"line":253,"column":0},"end":{"line":253,"column":49}},"253":{"start":{"line":254,"column":0},"end":{"line":254,"column":12}},"254":{"start":{"line":255,"column":0},"end":{"line":255,"column":0}},"255":{"start":{"line":256,"column":0},"end":{"line":256,"column":12}},"256":{"start":{"line":257,"column":0},"end":{"line":257,"column":59}},"257":{"start":{"line":258,"column":0},"end":{"line":258,"column":3}},"258":{"start":{"line":259,"column":0},"end":{"line":259,"column":1}},"259":{"start":{"line":260,"column":0},"end":{"line":260,"column":0}},"260":{"start":{"line":261,"column":0},"end":{"line":261,"column":43}},"261":{"start":{"line":262,"column":0},"end":{"line":262,"column":40}},"262":{"start":{"line":263,"column":0},"end":{"line":263,"column":18}},"263":{"start":{"line":264,"column":0},"end":{"line":264,"column":30}},"264":{"start":{"line":265,"column":0},"end":{"line":265,"column":59}},"265":{"start":{"line":266,"column":0},"end":{"line":266,"column":4}},"266":{"start":{"line":267,"column":0},"end":{"line":267,"column":32}},"267":{"start":{"line":268,"column":0},"end":{"line":268,"column":1}},"268":{"start":{"line":269,"column":0},"end":{"line":269,"column":0}},"269":{"start":{"line":270,"column":0},"end":{"line":270,"column":47}},"270":{"start":{"line":271,"column":0},"end":{"line":271,"column":37}},"271":{"start":{"line":272,"column":0},"end":{"line":272,"column":115}},"272":{"start":{"line":273,"column":0},"end":{"line":273,"column":38}},"273":{"start":{"line":274,"column":0},"end":{"line":274,"column":36}},"274":{"start":{"line":275,"column":0},"end":{"line":275,"column":4}},"275":{"start":{"line":276,"column":0},"end":{"line":276,"column":26}},"276":{"start":{"line":277,"column":0},"end":{"line":277,"column":16}},"277":{"start":{"line":278,"column":0},"end":{"line":278,"column":3}},"278":{"start":{"line":279,"column":0},"end":{"line":279,"column":59}},"279":{"start":{"line":280,"column":0},"end":{"line":280,"column":10}},"280":{"start":{"line":281,"column":0},"end":{"line":281,"column":34}},"281":{"start":{"line":282,"column":0},"end":{"line":282,"column":34}},"282":{"start":{"line":283,"column":0},"end":{"line":283,"column":93}},"283":{"start":{"line":284,"column":0},"end":{"line":284,"column":4}},"284":{"start":{"line":285,"column":0},"end":{"line":285,"column":1}},"285":{"start":{"line":286,"column":0},"end":{"line":286,"column":0}},"286":{"start":{"line":287,"column":0},"end":{"line":287,"column":75}},"287":{"start":{"line":288,"column":0},"end":{"line":288,"column":39}},"288":{"start":{"line":289,"column":0},"end":{"line":289,"column":95}},"289":{"start":{"line":290,"column":0},"end":{"line":290,"column":53}},"290":{"start":{"line":291,"column":0},"end":{"line":291,"column":55}},"291":{"start":{"line":292,"column":0},"end":{"line":292,"column":54}},"292":{"start":{"line":293,"column":0},"end":{"line":293,"column":54}},"293":{"start":{"line":294,"column":0},"end":{"line":294,"column":52}},"294":{"start":{"line":295,"column":0},"end":{"line":295,"column":0}},"295":{"start":{"line":296,"column":0},"end":{"line":296,"column":34}},"296":{"start":{"line":297,"column":0},"end":{"line":297,"column":16}},"297":{"start":{"line":298,"column":0},"end":{"line":298,"column":3}},"298":{"start":{"line":299,"column":0},"end":{"line":299,"column":10}},"299":{"start":{"line":300,"column":0},"end":{"line":300,"column":56}},"300":{"start":{"line":301,"column":0},"end":{"line":301,"column":62}},"301":{"start":{"line":302,"column":0},"end":{"line":302,"column":7}},"302":{"start":{"line":303,"column":0},"end":{"line":303,"column":56}},"303":{"start":{"line":304,"column":0},"end":{"line":304,"column":62}},"304":{"start":{"line":305,"column":0},"end":{"line":305,"column":7}},"305":{"start":{"line":306,"column":0},"end":{"line":306,"column":29}},"306":{"start":{"line":307,"column":0},"end":{"line":307,"column":4}},"307":{"start":{"line":308,"column":0},"end":{"line":308,"column":1}},"308":{"start":{"line":309,"column":0},"end":{"line":309,"column":0}},"309":{"start":{"line":310,"column":0},"end":{"line":310,"column":36}},"310":{"start":{"line":311,"column":0},"end":{"line":311,"column":47}},"311":{"start":{"line":312,"column":0},"end":{"line":312,"column":88}},"312":{"start":{"line":313,"column":0},"end":{"line":313,"column":10}},"313":{"start":{"line":314,"column":0},"end":{"line":314,"column":73}},"314":{"start":{"line":315,"column":0},"end":{"line":315,"column":47}},"315":{"start":{"line":316,"column":0},"end":{"line":316,"column":47}},"316":{"start":{"line":317,"column":0},"end":{"line":317,"column":98}},"317":{"start":{"line":318,"column":0},"end":{"line":318,"column":72}},"318":{"start":{"line":319,"column":0},"end":{"line":319,"column":4}},"319":{"start":{"line":320,"column":0},"end":{"line":320,"column":1}},"320":{"start":{"line":321,"column":0},"end":{"line":321,"column":0}},"321":{"start":{"line":322,"column":0},"end":{"line":322,"column":58}},"322":{"start":{"line":323,"column":0},"end":{"line":323,"column":48}},"323":{"start":{"line":324,"column":0},"end":{"line":324,"column":75}},"324":{"start":{"line":325,"column":0},"end":{"line":325,"column":40}},"325":{"start":{"line":326,"column":0},"end":{"line":326,"column":11}},"326":{"start":{"line":327,"column":0},"end":{"line":327,"column":1}},"327":{"start":{"line":328,"column":0},"end":{"line":328,"column":0}},"328":{"start":{"line":329,"column":0},"end":{"line":329,"column":62}},"329":{"start":{"line":330,"column":0},"end":{"line":330,"column":45}},"330":{"start":{"line":331,"column":0},"end":{"line":331,"column":84}},"331":{"start":{"line":332,"column":0},"end":{"line":332,"column":15}},"332":{"start":{"line":333,"column":0},"end":{"line":333,"column":30}},"333":{"start":{"line":334,"column":0},"end":{"line":334,"column":35}},"334":{"start":{"line":335,"column":0},"end":{"line":335,"column":4}},"335":{"start":{"line":336,"column":0},"end":{"line":336,"column":14}},"336":{"start":{"line":337,"column":0},"end":{"line":337,"column":1}},"337":{"start":{"line":338,"column":0},"end":{"line":338,"column":0}},"338":{"start":{"line":339,"column":0},"end":{"line":339,"column":37}},"339":{"start":{"line":340,"column":0},"end":{"line":340,"column":45}},"340":{"start":{"line":341,"column":0},"end":{"line":341,"column":15}},"341":{"start":{"line":342,"column":0},"end":{"line":342,"column":19}},"342":{"start":{"line":343,"column":0},"end":{"line":343,"column":25}},"343":{"start":{"line":344,"column":0},"end":{"line":344,"column":22}},"344":{"start":{"line":345,"column":0},"end":{"line":345,"column":23}},"345":{"start":{"line":346,"column":0},"end":{"line":346,"column":30}},"346":{"start":{"line":347,"column":0},"end":{"line":347,"column":29}},"347":{"start":{"line":348,"column":0},"end":{"line":348,"column":4}},"348":{"start":{"line":349,"column":0},"end":{"line":349,"column":79}},"349":{"start":{"line":350,"column":0},"end":{"line":350,"column":34}},"350":{"start":{"line":351,"column":0},"end":{"line":351,"column":17}},"351":{"start":{"line":352,"column":0},"end":{"line":352,"column":4}},"352":{"start":{"line":353,"column":0},"end":{"line":353,"column":0}},"353":{"start":{"line":354,"column":0},"end":{"line":354,"column":18}},"354":{"start":{"line":355,"column":0},"end":{"line":355,"column":92}},"355":{"start":{"line":356,"column":0},"end":{"line":356,"column":84}},"356":{"start":{"line":357,"column":0},"end":{"line":357,"column":86}},"357":{"start":{"line":358,"column":0},"end":{"line":358,"column":97}},"358":{"start":{"line":359,"column":0},"end":{"line":359,"column":80}},"359":{"start":{"line":360,"column":0},"end":{"line":360,"column":0}},"360":{"start":{"line":361,"column":0},"end":{"line":361,"column":15}},"361":{"start":{"line":362,"column":0},"end":{"line":362,"column":1}},"362":{"start":{"line":363,"column":0},"end":{"line":363,"column":0}},"363":{"start":{"line":364,"column":0},"end":{"line":364,"column":36}},"364":{"start":{"line":365,"column":0},"end":{"line":365,"column":44}},"365":{"start":{"line":366,"column":0},"end":{"line":366,"column":15}},"366":{"start":{"line":367,"column":0},"end":{"line":367,"column":25}},"367":{"start":{"line":368,"column":0},"end":{"line":368,"column":22}},"368":{"start":{"line":369,"column":0},"end":{"line":369,"column":22}},"369":{"start":{"line":370,"column":0},"end":{"line":370,"column":3}},"370":{"start":{"line":371,"column":0},"end":{"line":371,"column":78}},"371":{"start":{"line":372,"column":0},"end":{"line":372,"column":32}},"372":{"start":{"line":373,"column":0},"end":{"line":373,"column":16}},"373":{"start":{"line":374,"column":0},"end":{"line":374,"column":3}},"374":{"start":{"line":375,"column":0},"end":{"line":375,"column":0}},"375":{"start":{"line":376,"column":0},"end":{"line":376,"column":91}},"376":{"start":{"line":377,"column":0},"end":{"line":377,"column":84}},"377":{"start":{"line":378,"column":0},"end":{"line":378,"column":86}},"378":{"start":{"line":379,"column":0},"end":{"line":379,"column":14}},"379":{"start":{"line":380,"column":0},"end":{"line":380,"column":1}},"380":{"start":{"line":381,"column":0},"end":{"line":381,"column":0}},"381":{"start":{"line":382,"column":0},"end":{"line":382,"column":53}},"382":{"start":{"line":383,"column":0},"end":{"line":383,"column":43}},"383":{"start":{"line":384,"column":0},"end":{"line":384,"column":15}},"384":{"start":{"line":385,"column":0},"end":{"line":385,"column":14}},"385":{"start":{"line":386,"column":0},"end":{"line":386,"column":14}},"386":{"start":{"line":387,"column":0},"end":{"line":387,"column":13}},"387":{"start":{"line":388,"column":0},"end":{"line":388,"column":3}},"388":{"start":{"line":389,"column":0},"end":{"line":389,"column":58}},"389":{"start":{"line":390,"column":0},"end":{"line":390,"column":43}},"390":{"start":{"line":391,"column":0},"end":{"line":391,"column":0}},"391":{"start":{"line":392,"column":0},"end":{"line":392,"column":56}},"392":{"start":{"line":393,"column":0},"end":{"line":393,"column":56}},"393":{"start":{"line":394,"column":0},"end":{"line":394,"column":56}},"394":{"start":{"line":395,"column":0},"end":{"line":395,"column":14}},"395":{"start":{"line":396,"column":0},"end":{"line":396,"column":1}},"396":{"start":{"line":397,"column":0},"end":{"line":397,"column":0}},"397":{"start":{"line":398,"column":0},"end":{"line":398,"column":37}},"398":{"start":{"line":399,"column":0},"end":{"line":399,"column":45}},"399":{"start":{"line":400,"column":0},"end":{"line":400,"column":40}},"400":{"start":{"line":401,"column":0},"end":{"line":401,"column":40}},"401":{"start":{"line":402,"column":0},"end":{"line":402,"column":11}},"402":{"start":{"line":403,"column":0},"end":{"line":403,"column":1}},"403":{"start":{"line":404,"column":0},"end":{"line":404,"column":0}},"404":{"start":{"line":405,"column":0},"end":{"line":405,"column":39}},"405":{"start":{"line":406,"column":0},"end":{"line":406,"column":47}},"406":{"start":{"line":407,"column":0},"end":{"line":407,"column":42}},"407":{"start":{"line":408,"column":0},"end":{"line":408,"column":42}},"408":{"start":{"line":409,"column":0},"end":{"line":409,"column":11}},"409":{"start":{"line":410,"column":0},"end":{"line":410,"column":1}}},"s":{"0":1,"1":1,"2":1,"3":1,"4":1,"5":1,"6":1,"7":0,"8":0,"9":1,"10":1,"11":0,"12":0,"13":0,"14":0,"15":0,"16":0,"17":1,"18":1,"19":0,"20":0,"21":0,"22":0,"23":0,"24":0,"25":0,"26":0,"27":0,"28":0,"29":0,"30":0,"31":0,"32":0,"33":0,"34":0,"35":0,"36":0,"37":0,"38":0,"39":0,"40":0,"41":0,"42":0,"43":0,"44":0,"45":0,"46":0,"47":0,"48":0,"49":0,"50":0,"51":0,"52":0,"53":0,"54":1,"55":1,"56":12,"57":1,"58":1,"59":1,"60":18,"61":18,"62":18,"63":18,"64":1,"65":1,"66":13,"67":13,"68":13,"69":13,"70":13,"71":13,"72":13,"73":1,"74":1,"75":1,"76":28,"77":3,"78":3,"79":28,"80":8,"81":8,"82":2,"83":8,"84":1,"85":6,"86":0,"87":5,"88":1,"89":5,"90":1,"91":4,"92":1,"93":3,"94":0,"95":2,"96":1,"97":1,"98":1,"99":1,"100":1,"101":1,"102":1,"103":25,"104":17,"105":17,"106":17,"107":17,"108":1,"109":17,"110":1,"111":16,"112":14,"113":15,"114":1,"115":1,"116":17,"117":17,"118":28,"119":1,"120":1,"121":1,"122":6,"123":6,"124":6,"125":6,"126":3,"127":3,"128":3,"129":3,"130":6,"131":1,"132":1,"133":1,"134":0,"135":0,"136":0,"137":1,"138":1,"139":1,"140":11,"141":11,"142":11,"143":11,"144":6,"145":3,"146":3,"147":3,"148":3,"149":6,"150":11,"151":11,"152":5,"153":5,"154":2,"155":5,"156":3,"157":3,"158":5,"159":11,"160":11,"161":11,"162":0,"163":0,"164":11,"165":11,"166":0,"167":11,"168":11,"169":11,"170":1,"171":1,"172":1,"173":0,"174":0,"175":0,"176":0,"177":0,"178":0,"179":0,"180":0,"181":1,"182":1,"183":1,"184":30,"185":30,"186":30,"187":30,"188":3,"189":3,"190":3,"191":27,"192":27,"193":27,"194":27,"195":27,"196":27,"197":27,"198":27,"199":27,"200":27,"201":27,"202":27,"203":30,"204":0,"205":0,"206":0,"207":0,"208":0,"209":30,"210":11,"211":11,"212":27,"213":16,"214":16,"215":16,"216":30,"217":1,"218":1,"219":1,"220":0,"221":0,"222":0,"223":0,"224":0,"225":0,"226":0,"227":0,"228":0,"229":0,"230":0,"231":0,"232":0,"233":0,"234":0,"235":0,"236":0,"237":0,"238":0,"239":0,"240":0,"241":0,"242":0,"243":0,"244":0,"245":0,"246":0,"247":0,"248":0,"249":0,"250":0,"251":0,"252":0,"253":0,"254":0,"255":0,"256":0,"257":0,"258":0,"259":1,"260":1,"261":1,"262":1,"263":1,"264":8,"265":1,"266":1,"267":1,"268":1,"269":1,"270":1,"271":2,"272":10,"273":10,"274":2,"275":2,"276":0,"277":0,"278":2,"279":2,"280":2,"281":2,"282":2,"283":2,"284":2,"285":1,"286":1,"287":1,"288":2,"289":2,"290":2,"291":2,"292":2,"293":2,"294":2,"295":2,"296":0,"297":0,"298":2,"299":2,"300":12,"301":2,"302":2,"303":12,"304":2,"305":2,"306":2,"307":2,"308":1,"309":1,"310":1,"311":1,"312":1,"313":1,"314":1,"315":1,"316":1,"317":1,"318":1,"319":1,"320":1,"321":1,"322":1,"323":0,"324":0,"325":0,"326":0,"327":1,"328":1,"329":1,"330":0,"331":0,"332":0,"333":0,"334":0,"335":0,"336":0,"337":1,"338":1,"339":1,"340":2,"341":2,"342":2,"343":2,"344":2,"345":2,"346":2,"347":2,"348":2,"349":2,"350":1,"351":1,"352":1,"353":1,"354":1,"355":1,"356":1,"357":1,"358":1,"359":1,"360":1,"361":1,"362":1,"363":1,"364":1,"365":2,"366":2,"367":2,"368":2,"369":2,"370":2,"371":2,"372":1,"373":1,"374":1,"375":1,"376":1,"377":1,"378":1,"379":1,"380":1,"381":1,"382":1,"383":2,"384":2,"385":2,"386":2,"387":2,"388":2,"389":2,"390":1,"391":1,"392":1,"393":1,"394":1,"395":1,"396":1,"397":1,"398":1,"399":0,"400":0,"401":0,"402":0,"403":1,"404":1,"405":1,"406":0,"407":0,"408":0,"409":0},"branchMap":{"0":{"type":"branch","line":56,"loc":{"start":{"line":56,"column":7},"end":{"line":58,"column":1}},"locations":[{"start":{"line":56,"column":7},"end":{"line":58,"column":1}}]},"1":{"type":"branch","line":58,"loc":{"start":{"line":58,"column":1},"end":{"line":58,"column":2}},"locations":[{"start":{"line":58,"column":1},"end":{"line":58,"column":2}}]},"2":{"type":"branch","line":60,"loc":{"start":{"line":60,"column":7},"end":{"line":64,"column":1}},"locations":[{"start":{"line":60,"column":7},"end":{"line":64,"column":1}}]},"3":{"type":"branch","line":66,"loc":{"start":{"line":66,"column":7},"end":{"line":74,"column":1}},"locations":[{"start":{"line":66,"column":7},"end":{"line":74,"column":1}}]},"4":{"type":"branch","line":74,"loc":{"start":{"line":74,"column":1},"end":{"line":74,"column":2}},"locations":[{"start":{"line":74,"column":1},"end":{"line":74,"column":2}}]},"5":{"type":"branch","line":76,"loc":{"start":{"line":76,"column":7},"end":{"line":120,"column":1}},"locations":[{"start":{"line":76,"column":7},"end":{"line":120,"column":1}}]},"6":{"type":"branch","line":77,"loc":{"start":{"line":77,"column":14},"end":{"line":80,"column":3}},"locations":[{"start":{"line":77,"column":14},"end":{"line":80,"column":3}}]},"7":{"type":"branch","line":80,"loc":{"start":{"line":80,"column":3},"end":{"line":118,"column":3}},"locations":[{"start":{"line":80,"column":3},"end":{"line":118,"column":3}}]},"8":{"type":"branch","line":80,"loc":{"start":{"line":80,"column":27},"end":{"line":104,"column":3}},"locations":[{"start":{"line":80,"column":27},"end":{"line":104,"column":3}}]},"9":{"type":"branch","line":82,"loc":{"start":{"line":82,"column":37},"end":{"line":84,"column":5}},"locations":[{"start":{"line":82,"column":37},"end":{"line":84,"column":5}}]},"10":{"type":"branch","line":84,"loc":{"start":{"line":84,"column":5},"end":{"line":103,"column":5}},"locations":[{"start":{"line":84,"column":5},"end":{"line":103,"column":5}}]},"11":{"type":"branch","line":84,"loc":{"start":{"line":84,"column":60},"end":{"line":86,"column":5}},"locations":[{"start":{"line":84,"column":60},"end":{"line":86,"column":5}}]},"12":{"type":"branch","line":86,"loc":{"start":{"line":86,"column":5},"end":{"line":103,"column":5}},"locations":[{"start":{"line":86,"column":5},"end":{"line":103,"column":5}}]},"13":{"type":"branch","line":86,"loc":{"start":{"line":86,"column":54},"end":{"line":88,"column":5}},"locations":[{"start":{"line":86,"column":54},"end":{"line":88,"column":5}}]},"14":{"type":"branch","line":88,"loc":{"start":{"line":88,"column":50},"end":{"line":90,"column":5}},"locations":[{"start":{"line":88,"column":50},"end":{"line":90,"column":5}}]},"15":{"type":"branch","line":90,"loc":{"start":{"line":90,"column":5},"end":{"line":103,"column":5}},"locations":[{"start":{"line":90,"column":5},"end":{"line":103,"column":5}}]},"16":{"type":"branch","line":90,"loc":{"start":{"line":90,"column":50},"end":{"line":92,"column":5}},"locations":[{"start":{"line":90,"column":50},"end":{"line":92,"column":5}}]},"17":{"type":"branch","line":92,"loc":{"start":{"line":92,"column":5},"end":{"line":103,"column":5}},"locations":[{"start":{"line":92,"column":5},"end":{"line":103,"column":5}}]},"18":{"type":"branch","line":92,"loc":{"start":{"line":92,"column":61},"end":{"line":94,"column":5}},"locations":[{"start":{"line":92,"column":61},"end":{"line":94,"column":5}}]},"19":{"type":"branch","line":94,"loc":{"start":{"line":94,"column":5},"end":{"line":103,"column":5}},"locations":[{"start":{"line":94,"column":5},"end":{"line":103,"column":5}}]},"20":{"type":"branch","line":94,"loc":{"start":{"line":94,"column":47},"end":{"line":96,"column":5}},"locations":[{"start":{"line":94,"column":47},"end":{"line":96,"column":5}}]},"21":{"type":"branch","line":96,"loc":{"start":{"line":96,"column":40},"end":{"line":103,"column":5}},"locations":[{"start":{"line":96,"column":40},"end":{"line":103,"column":5}}]},"22":{"type":"branch","line":104,"loc":{"start":{"line":104,"column":3},"end":{"line":118,"column":3}},"locations":[{"start":{"line":104,"column":3},"end":{"line":118,"column":3}}]},"23":{"type":"branch","line":108,"loc":{"start":{"line":108,"column":22},"end":{"line":110,"column":5}},"locations":[{"start":{"line":108,"column":22},"end":{"line":110,"column":5}}]},"24":{"type":"branch","line":110,"loc":{"start":{"line":110,"column":5},"end":{"line":116,"column":5}},"locations":[{"start":{"line":110,"column":5},"end":{"line":116,"column":5}}]},"25":{"type":"branch","line":110,"loc":{"start":{"line":110,"column":31},"end":{"line":112,"column":5}},"locations":[{"start":{"line":110,"column":31},"end":{"line":112,"column":5}}]},"26":{"type":"branch","line":112,"loc":{"start":{"line":112,"column":5},"end":{"line":116,"column":5}},"locations":[{"start":{"line":112,"column":5},"end":{"line":116,"column":5}}]},"27":{"type":"branch","line":112,"loc":{"start":{"line":112,"column":51},"end":{"line":114,"column":5}},"locations":[{"start":{"line":112,"column":51},"end":{"line":114,"column":5}}]},"28":{"type":"branch","line":114,"loc":{"start":{"line":114,"column":5},"end":{"line":116,"column":5}},"locations":[{"start":{"line":114,"column":5},"end":{"line":116,"column":5}}]},"29":{"type":"branch","line":120,"loc":{"start":{"line":120,"column":1},"end":{"line":120,"column":2}},"locations":[{"start":{"line":120,"column":1},"end":{"line":120,"column":2}}]},"30":{"type":"branch","line":122,"loc":{"start":{"line":122,"column":7},"end":{"line":132,"column":1}},"locations":[{"start":{"line":122,"column":7},"end":{"line":132,"column":1}}]},"31":{"type":"branch","line":126,"loc":{"start":{"line":126,"column":35},"end":{"line":126,"column":52}},"locations":[{"start":{"line":126,"column":35},"end":{"line":126,"column":52}}]},"32":{"type":"branch","line":126,"loc":{"start":{"line":126,"column":54},"end":{"line":130,"column":3}},"locations":[{"start":{"line":126,"column":54},"end":{"line":130,"column":3}}]},"33":{"type":"branch","line":127,"loc":{"start":{"line":127,"column":32},"end":{"line":127,"column":43}},"locations":[{"start":{"line":127,"column":32},"end":{"line":127,"column":43}}]},"34":{"type":"branch","line":127,"loc":{"start":{"line":127,"column":44},"end":{"line":127,"column":72}},"locations":[{"start":{"line":127,"column":44},"end":{"line":127,"column":72}}]},"35":{"type":"branch","line":129,"loc":{"start":{"line":129,"column":32},"end":{"line":129,"column":56}},"locations":[{"start":{"line":129,"column":32},"end":{"line":129,"column":56}}]},"36":{"type":"branch","line":129,"loc":{"start":{"line":129,"column":57},"end":{"line":129,"column":128}},"locations":[{"start":{"line":129,"column":57},"end":{"line":129,"column":128}}]},"37":{"type":"branch","line":129,"loc":{"start":{"line":129,"column":77},"end":{"line":129,"column":128}},"locations":[{"start":{"line":129,"column":77},"end":{"line":129,"column":128}}]},"38":{"type":"branch","line":132,"loc":{"start":{"line":132,"column":1},"end":{"line":132,"column":2}},"locations":[{"start":{"line":132,"column":1},"end":{"line":132,"column":2}}]},"39":{"type":"branch","line":140,"loc":{"start":{"line":140,"column":7},"end":{"line":171,"column":1}},"locations":[{"start":{"line":140,"column":7},"end":{"line":171,"column":1}}]},"40":{"type":"branch","line":144,"loc":{"start":{"line":144,"column":4},"end":{"line":150,"column":12}},"locations":[{"start":{"line":144,"column":4},"end":{"line":150,"column":12}}]},"41":{"type":"branch","line":145,"loc":{"start":{"line":145,"column":50},"end":{"line":145,"column":67}},"locations":[{"start":{"line":145,"column":50},"end":{"line":145,"column":67}}]},"42":{"type":"branch","line":145,"loc":{"start":{"line":145,"column":69},"end":{"line":149,"column":7}},"locations":[{"start":{"line":145,"column":69},"end":{"line":149,"column":7}}]},"43":{"type":"branch","line":146,"loc":{"start":{"line":146,"column":36},"end":{"line":146,"column":60}},"locations":[{"start":{"line":146,"column":36},"end":{"line":146,"column":60}}]},"44":{"type":"branch","line":146,"loc":{"start":{"line":146,"column":61},"end":{"line":146,"column":132}},"locations":[{"start":{"line":146,"column":61},"end":{"line":146,"column":132}}]},"45":{"type":"branch","line":146,"loc":{"start":{"line":146,"column":81},"end":{"line":146,"column":132}},"locations":[{"start":{"line":146,"column":81},"end":{"line":146,"column":132}}]},"46":{"type":"branch","line":148,"loc":{"start":{"line":148,"column":36},"end":{"line":148,"column":60}},"locations":[{"start":{"line":148,"column":36},"end":{"line":148,"column":60}}]},"47":{"type":"branch","line":148,"loc":{"start":{"line":148,"column":61},"end":{"line":148,"column":132}},"locations":[{"start":{"line":148,"column":61},"end":{"line":148,"column":132}}]},"48":{"type":"branch","line":148,"loc":{"start":{"line":148,"column":81},"end":{"line":148,"column":132}},"locations":[{"start":{"line":148,"column":81},"end":{"line":148,"column":132}}]},"49":{"type":"branch","line":152,"loc":{"start":{"line":152,"column":4},"end":{"line":159,"column":12}},"locations":[{"start":{"line":152,"column":4},"end":{"line":159,"column":12}}]},"50":{"type":"branch","line":154,"loc":{"start":{"line":154,"column":23},"end":{"line":154,"column":40}},"locations":[{"start":{"line":154,"column":23},"end":{"line":154,"column":40}}]},"51":{"type":"branch","line":154,"loc":{"start":{"line":154,"column":42},"end":{"line":156,"column":5}},"locations":[{"start":{"line":154,"column":42},"end":{"line":156,"column":5}}]},"52":{"type":"branch","line":155,"loc":{"start":{"line":155,"column":34},"end":{"line":155,"column":45}},"locations":[{"start":{"line":155,"column":34},"end":{"line":155,"column":45}}]},"53":{"type":"branch","line":155,"loc":{"start":{"line":155,"column":46},"end":{"line":155,"column":74}},"locations":[{"start":{"line":155,"column":46},"end":{"line":155,"column":74}}]},"54":{"type":"branch","line":156,"loc":{"start":{"line":156,"column":5},"end":{"line":158,"column":5}},"locations":[{"start":{"line":156,"column":5},"end":{"line":158,"column":5}}]},"55":{"type":"branch","line":157,"loc":{"start":{"line":157,"column":34},"end":{"line":157,"column":58}},"locations":[{"start":{"line":157,"column":34},"end":{"line":157,"column":58}}]},"56":{"type":"branch","line":157,"loc":{"start":{"line":157,"column":59},"end":{"line":157,"column":130}},"locations":[{"start":{"line":157,"column":59},"end":{"line":157,"column":130}}]},"57":{"type":"branch","line":157,"loc":{"start":{"line":157,"column":79},"end":{"line":157,"column":130}},"locations":[{"start":{"line":157,"column":79},"end":{"line":157,"column":130}}]},"58":{"type":"branch","line":161,"loc":{"start":{"line":161,"column":4},"end":{"line":161,"column":15}},"locations":[{"start":{"line":161,"column":4},"end":{"line":161,"column":15}}]},"59":{"type":"branch","line":162,"loc":{"start":{"line":162,"column":4},"end":{"line":164,"column":12}},"locations":[{"start":{"line":162,"column":4},"end":{"line":164,"column":12}}]},"60":{"type":"branch","line":166,"loc":{"start":{"line":166,"column":4},"end":{"line":167,"column":59}},"locations":[{"start":{"line":166,"column":4},"end":{"line":167,"column":59}}]},"61":{"type":"branch","line":171,"loc":{"start":{"line":171,"column":1},"end":{"line":171,"column":2}},"locations":[{"start":{"line":171,"column":1},"end":{"line":171,"column":2}}]},"62":{"type":"branch","line":184,"loc":{"start":{"line":184,"column":31},"end":{"line":217,"column":1}},"locations":[{"start":{"line":184,"column":31},"end":{"line":217,"column":1}}]},"63":{"type":"branch","line":188,"loc":{"start":{"line":188,"column":15},"end":{"line":191,"column":3}},"locations":[{"start":{"line":188,"column":15},"end":{"line":191,"column":3}}]},"64":{"type":"branch","line":192,"loc":{"start":{"line":192,"column":-1},"end":{"line":204,"column":25}},"locations":[{"start":{"line":192,"column":-1},"end":{"line":204,"column":25}}]},"65":{"type":"branch","line":204,"loc":{"start":{"line":204,"column":25},"end":{"line":210,"column":3}},"locations":[{"start":{"line":204,"column":25},"end":{"line":210,"column":3}}]},"66":{"type":"branch","line":210,"loc":{"start":{"line":210,"column":3},"end":{"line":216,"column":3}},"locations":[{"start":{"line":210,"column":3},"end":{"line":216,"column":3}}]},"67":{"type":"branch","line":210,"loc":{"start":{"line":210,"column":29},"end":{"line":213,"column":3}},"locations":[{"start":{"line":210,"column":29},"end":{"line":213,"column":3}}]},"68":{"type":"branch","line":213,"loc":{"start":{"line":213,"column":3},"end":{"line":216,"column":3}},"locations":[{"start":{"line":213,"column":3},"end":{"line":216,"column":3}}]},"69":{"type":"branch","line":262,"loc":{"start":{"line":262,"column":26},"end":{"line":268,"column":1}},"locations":[{"start":{"line":262,"column":26},"end":{"line":268,"column":1}}]},"70":{"type":"branch","line":264,"loc":{"start":{"line":264,"column":20},"end":{"line":266,"column":3}},"locations":[{"start":{"line":264,"column":20},"end":{"line":266,"column":3}}]},"71":{"type":"branch","line":271,"loc":{"start":{"line":271,"column":23},"end":{"line":285,"column":1}},"locations":[{"start":{"line":271,"column":23},"end":{"line":285,"column":1}}]},"72":{"type":"branch","line":276,"loc":{"start":{"line":276,"column":25},"end":{"line":278,"column":3}},"locations":[{"start":{"line":276,"column":25},"end":{"line":278,"column":3}}]},"73":{"type":"branch","line":272,"loc":{"start":{"line":272,"column":29},"end":{"line":272,"column":100}},"locations":[{"start":{"line":272,"column":29},"end":{"line":272,"column":100}}]},"74":{"type":"branch","line":272,"loc":{"start":{"line":272,"column":61},"end":{"line":272,"column":79}},"locations":[{"start":{"line":272,"column":61},"end":{"line":272,"column":79}}]},"75":{"type":"branch","line":272,"loc":{"start":{"line":272,"column":109},"end":{"line":275,"column":3}},"locations":[{"start":{"line":272,"column":109},"end":{"line":275,"column":3}}]},"76":{"type":"branch","line":274,"loc":{"start":{"line":274,"column":23},"end":{"line":274,"column":36}},"locations":[{"start":{"line":274,"column":23},"end":{"line":274,"column":36}}]},"77":{"type":"branch","line":279,"loc":{"start":{"line":279,"column":30},"end":{"line":279,"column":58}},"locations":[{"start":{"line":279,"column":30},"end":{"line":279,"column":58}}]},"78":{"type":"branch","line":283,"loc":{"start":{"line":283,"column":30},"end":{"line":283,"column":65}},"locations":[{"start":{"line":283,"column":30},"end":{"line":283,"column":65}}]},"79":{"type":"branch","line":288,"loc":{"start":{"line":288,"column":25},"end":{"line":308,"column":1}},"locations":[{"start":{"line":288,"column":25},"end":{"line":308,"column":1}}]},"80":{"type":"branch","line":290,"loc":{"start":{"line":290,"column":50},"end":{"line":291,"column":51}},"locations":[{"start":{"line":290,"column":50},"end":{"line":291,"column":51}}]},"81":{"type":"branch","line":291,"loc":{"start":{"line":291,"column":52},"end":{"line":292,"column":51}},"locations":[{"start":{"line":291,"column":52},"end":{"line":292,"column":51}}]},"82":{"type":"branch","line":292,"loc":{"start":{"line":292,"column":52},"end":{"line":293,"column":51}},"locations":[{"start":{"line":292,"column":52},"end":{"line":293,"column":51}}]},"83":{"type":"branch","line":293,"loc":{"start":{"line":293,"column":52},"end":{"line":294,"column":50}},"locations":[{"start":{"line":293,"column":52},"end":{"line":294,"column":50}}]},"84":{"type":"branch","line":296,"loc":{"start":{"line":296,"column":33},"end":{"line":298,"column":3}},"locations":[{"start":{"line":296,"column":33},"end":{"line":298,"column":3}}]},"85":{"type":"branch","line":289,"loc":{"start":{"line":289,"column":35},"end":{"line":289,"column":69}},"locations":[{"start":{"line":289,"column":35},"end":{"line":289,"column":69}}]},"86":{"type":"branch","line":289,"loc":{"start":{"line":289,"column":78},"end":{"line":289,"column":93}},"locations":[{"start":{"line":289,"column":78},"end":{"line":289,"column":93}}]},"87":{"type":"branch","line":300,"loc":{"start":{"line":300,"column":34},"end":{"line":302,"column":5}},"locations":[{"start":{"line":300,"column":34},"end":{"line":302,"column":5}}]},"88":{"type":"branch","line":301,"loc":{"start":{"line":301,"column":48},"end":{"line":301,"column":54}},"locations":[{"start":{"line":301,"column":48},"end":{"line":301,"column":54}}]},"89":{"type":"branch","line":301,"loc":{"start":{"line":301,"column":55},"end":{"line":301,"column":61}},"locations":[{"start":{"line":301,"column":55},"end":{"line":301,"column":61}}]},"90":{"type":"branch","line":303,"loc":{"start":{"line":303,"column":34},"end":{"line":305,"column":5}},"locations":[{"start":{"line":303,"column":34},"end":{"line":305,"column":5}}]},"91":{"type":"branch","line":304,"loc":{"start":{"line":304,"column":48},"end":{"line":304,"column":54}},"locations":[{"start":{"line":304,"column":48},"end":{"line":304,"column":54}}]},"92":{"type":"branch","line":304,"loc":{"start":{"line":304,"column":55},"end":{"line":304,"column":61}},"locations":[{"start":{"line":304,"column":55},"end":{"line":304,"column":61}}]},"93":{"type":"branch","line":311,"loc":{"start":{"line":311,"column":33},"end":{"line":320,"column":1}},"locations":[{"start":{"line":311,"column":33},"end":{"line":320,"column":1}}]},"94":{"type":"branch","line":312,"loc":{"start":{"line":312,"column":38},"end":{"line":312,"column":86}},"locations":[{"start":{"line":312,"column":38},"end":{"line":312,"column":86}}]},"95":{"type":"branch","line":317,"loc":{"start":{"line":317,"column":53},"end":{"line":317,"column":68}},"locations":[{"start":{"line":317,"column":53},"end":{"line":317,"column":68}}]},"96":{"type":"branch","line":340,"loc":{"start":{"line":340,"column":31},"end":{"line":362,"column":1}},"locations":[{"start":{"line":340,"column":31},"end":{"line":362,"column":1}}]},"97":{"type":"branch","line":350,"loc":{"start":{"line":350,"column":33},"end":{"line":362,"column":1}},"locations":[{"start":{"line":350,"column":33},"end":{"line":362,"column":1}}]},"98":{"type":"branch","line":349,"loc":{"start":{"line":349,"column":35},"end":{"line":349,"column":77}},"locations":[{"start":{"line":349,"column":35},"end":{"line":349,"column":77}}]},"99":{"type":"branch","line":355,"loc":{"start":{"line":355,"column":45},"end":{"line":355,"column":82}},"locations":[{"start":{"line":355,"column":45},"end":{"line":355,"column":82}}]},"100":{"type":"branch","line":356,"loc":{"start":{"line":356,"column":42},"end":{"line":356,"column":74}},"locations":[{"start":{"line":356,"column":42},"end":{"line":356,"column":74}}]},"101":{"type":"branch","line":357,"loc":{"start":{"line":357,"column":43},"end":{"line":357,"column":76}},"locations":[{"start":{"line":357,"column":43},"end":{"line":357,"column":76}}]},"102":{"type":"branch","line":358,"loc":{"start":{"line":358,"column":50},"end":{"line":358,"column":87}},"locations":[{"start":{"line":358,"column":50},"end":{"line":358,"column":87}}]},"103":{"type":"branch","line":359,"loc":{"start":{"line":359,"column":50},"end":{"line":359,"column":70}},"locations":[{"start":{"line":359,"column":50},"end":{"line":359,"column":70}}]},"104":{"type":"branch","line":365,"loc":{"start":{"line":365,"column":30},"end":{"line":380,"column":1}},"locations":[{"start":{"line":365,"column":30},"end":{"line":380,"column":1}}]},"105":{"type":"branch","line":372,"loc":{"start":{"line":372,"column":31},"end":{"line":380,"column":1}},"locations":[{"start":{"line":372,"column":31},"end":{"line":380,"column":1}}]},"106":{"type":"branch","line":371,"loc":{"start":{"line":371,"column":35},"end":{"line":371,"column":77}},"locations":[{"start":{"line":371,"column":35},"end":{"line":371,"column":77}}]},"107":{"type":"branch","line":376,"loc":{"start":{"line":376,"column":45},"end":{"line":376,"column":82}},"locations":[{"start":{"line":376,"column":45},"end":{"line":376,"column":82}}]},"108":{"type":"branch","line":377,"loc":{"start":{"line":377,"column":42},"end":{"line":377,"column":74}},"locations":[{"start":{"line":377,"column":42},"end":{"line":377,"column":74}}]},"109":{"type":"branch","line":378,"loc":{"start":{"line":378,"column":43},"end":{"line":378,"column":76}},"locations":[{"start":{"line":378,"column":43},"end":{"line":378,"column":76}}]},"110":{"type":"branch","line":383,"loc":{"start":{"line":383,"column":29},"end":{"line":396,"column":1}},"locations":[{"start":{"line":383,"column":29},"end":{"line":396,"column":1}}]},"111":{"type":"branch","line":390,"loc":{"start":{"line":390,"column":30},"end":{"line":396,"column":1}},"locations":[{"start":{"line":390,"column":30},"end":{"line":396,"column":1}}]},"112":{"type":"branch","line":389,"loc":{"start":{"line":389,"column":33},"end":{"line":389,"column":57}},"locations":[{"start":{"line":389,"column":33},"end":{"line":389,"column":57}}]},"113":{"type":"branch","line":392,"loc":{"start":{"line":392,"column":32},"end":{"line":392,"column":48}},"locations":[{"start":{"line":392,"column":32},"end":{"line":392,"column":48}}]},"114":{"type":"branch","line":393,"loc":{"start":{"line":393,"column":32},"end":{"line":393,"column":48}},"locations":[{"start":{"line":393,"column":32},"end":{"line":393,"column":48}}]},"115":{"type":"branch","line":394,"loc":{"start":{"line":394,"column":32},"end":{"line":394,"column":48}},"locations":[{"start":{"line":394,"column":32},"end":{"line":394,"column":48}}]}},"b":{"0":[12],"1":[5],"2":[18],"3":[13],"4":[3],"5":[28],"6":[3],"7":[25],"8":[8],"9":[2],"10":[6],"11":[1],"12":[5],"13":[0],"14":[1],"15":[4],"16":[1],"17":[3],"18":[1],"19":[2],"20":[0],"21":[1],"22":[17],"23":[1],"24":[16],"25":[1],"26":[15],"27":[14],"28":[1],"29":[14],"30":[6],"31":[5],"32":[3],"33":[1],"34":[2],"35":[1],"36":[2],"37":[1],"38":[6],"39":[11],"40":[6],"41":[3],"42":[3],"43":[1],"44":[2],"45":[1],"46":[1],"47":[2],"48":[1],"49":[5],"50":[3],"51":[2],"52":[1],"53":[1],"54":[3],"55":[1],"56":[2],"57":[1],"58":[0],"59":[0],"60":[0],"61":[11],"62":[30],"63":[3],"64":[27],"65":[0],"66":[27],"67":[11],"68":[16],"69":[1],"70":[8],"71":[2],"72":[0],"73":[10],"74":[1],"75":[10],"76":[9],"77":[9],"78":[7],"79":[2],"80":[1],"81":[1],"82":[1],"83":[1],"84":[0],"85":[14],"86":[14],"87":[12],"88":[7],"89":[5],"90":[12],"91":[3],"92":[9],"93":[1],"94":[7],"95":[7],"96":[2],"97":[1],"98":[9],"99":[9],"100":[9],"101":[9],"102":[9],"103":[9],"104":[2],"105":[1],"106":[9],"107":[9],"108":[9],"109":[9],"110":[2],"111":[1],"112":[12],"113":[12],"114":[12],"115":[12]},"fnMap":{"0":{"name":"standardizeTaskId","decl":{"start":{"line":7,"column":33},"end":{"line":9,"column":2}},"loc":{"start":{"line":7,"column":33},"end":{"line":9,"column":2}},"line":7},"1":{"name":"standardizeNames","decl":{"start":{"line":11,"column":32},"end":{"line":17,"column":1}},"loc":{"start":{"line":11,"column":32},"end":{"line":17,"column":1}},"line":11},"2":{"name":"getRunInfoCommon","decl":{"start":{"line":19,"column":32},"end":{"line":54,"column":2}},"loc":{"start":{"line":19,"column":32},"end":{"line":54,"column":2}},"line":19},"3":{"name":"thetaToRoarScore","decl":{"start":{"line":56,"column":7},"end":{"line":58,"column":1}},"loc":{"start":{"line":56,"column":7},"end":{"line":58,"column":1}},"line":56},"4":{"name":"get","decl":{"start":{"line":58,"column":1},"end":{"line":58,"column":2}},"loc":{"start":{"line":58,"column":1},"end":{"line":58,"column":2}},"line":58},"5":{"name":"differenceInMonths","decl":{"start":{"line":60,"column":7},"end":{"line":64,"column":1}},"loc":{"start":{"line":60,"column":7},"end":{"line":64,"column":1}},"line":60},"6":{"name":"computeAges","decl":{"start":{"line":66,"column":7},"end":{"line":74,"column":1}},"loc":{"start":{"line":66,"column":7},"end":{"line":74,"column":1}},"line":66},"7":{"name":"get","decl":{"start":{"line":74,"column":1},"end":{"line":74,"column":2}},"loc":{"start":{"line":74,"column":1},"end":{"line":74,"column":2}},"line":74},"8":{"name":"parseGrade","decl":{"start":{"line":76,"column":7},"end":{"line":120,"column":1}},"loc":{"start":{"line":76,"column":7},"end":{"line":120,"column":1}},"line":76},"9":{"name":"get","decl":{"start":{"line":120,"column":1},"end":{"line":120,"column":2}},"loc":{"start":{"line":120,"column":1},"end":{"line":120,"column":2}},"line":120},"10":{"name":"thetaToSupportSWR","decl":{"start":{"line":122,"column":7},"end":{"line":132,"column":1}},"loc":{"start":{"line":122,"column":7},"end":{"line":132,"column":1}},"line":122},"11":{"name":"get","decl":{"start":{"line":132,"column":1},"end":{"line":132,"column":2}},"loc":{"start":{"line":132,"column":1},"end":{"line":132,"column":2}},"line":132},"12":{"name":"woodcockJohnsonLookup","decl":{"start":{"line":134,"column":7},"end":{"line":138,"column":1}},"loc":{"start":{"line":134,"column":7},"end":{"line":138,"column":1}},"line":134},"13":{"name":"get","decl":{"start":{"line":138,"column":1},"end":{"line":138,"column":2}},"loc":{"start":{"line":138,"column":1},"end":{"line":138,"column":2}},"line":138},"14":{"name":"percentileToSupportClassification","decl":{"start":{"line":140,"column":7},"end":{"line":171,"column":1}},"loc":{"start":{"line":140,"column":7},"end":{"line":171,"column":1}},"line":140},"15":{"name":"get","decl":{"start":{"line":171,"column":1},"end":{"line":171,"column":2}},"loc":{"start":{"line":171,"column":1},"end":{"line":171,"column":2}},"line":171},"16":{"name":"countItems","decl":{"start":{"line":173,"column":7},"end":{"line":182,"column":1}},"loc":{"start":{"line":173,"column":7},"end":{"line":182,"column":1}},"line":173},"17":{"name":"get","decl":{"start":{"line":182,"column":1},"end":{"line":182,"column":2}},"loc":{"start":{"line":182,"column":1},"end":{"line":182,"column":2}},"line":182},"18":{"name":"gradeComparator","decl":{"start":{"line":184,"column":31},"end":{"line":217,"column":1}},"loc":{"start":{"line":184,"column":31},"end":{"line":217,"column":1}},"line":184},"19":{"name":"getRunScores","decl":{"start":{"line":220,"column":28},"end":{"line":259,"column":1}},"loc":{"start":{"line":220,"column":28},"end":{"line":259,"column":1}},"line":220},"20":{"name":"getSchools","decl":{"start":{"line":262,"column":26},"end":{"line":268,"column":1}},"loc":{"start":{"line":262,"column":26},"end":{"line":268,"column":1}},"line":262},"21":{"name":"getAges","decl":{"start":{"line":271,"column":23},"end":{"line":285,"column":1}},"loc":{"start":{"line":271,"column":23},"end":{"line":285,"column":1}},"line":271},"22":{"name":"getGrades","decl":{"start":{"line":288,"column":25},"end":{"line":308,"column":1}},"loc":{"start":{"line":288,"column":25},"end":{"line":308,"column":1}},"line":288},"23":{"name":"getRoarScoreStats","decl":{"start":{"line":311,"column":33},"end":{"line":320,"column":1}},"loc":{"start":{"line":311,"column":33},"end":{"line":320,"column":1}},"line":311},"24":{"name":"getSreTosrecScores","decl":{"start":{"line":323,"column":34},"end":{"line":327,"column":1}},"loc":{"start":{"line":323,"column":34},"end":{"line":327,"column":1}},"line":323},"25":{"name":"getTotalCorrect","decl":{"start":{"line":330,"column":31},"end":{"line":337,"column":1}},"loc":{"start":{"line":330,"column":31},"end":{"line":337,"column":1}},"line":330},"26":{"name":"swrSupportStats","decl":{"start":{"line":340,"column":31},"end":{"line":362,"column":1}},"loc":{"start":{"line":340,"column":31},"end":{"line":362,"column":1}},"line":340},"27":{"name":"paSupportStats","decl":{"start":{"line":365,"column":30},"end":{"line":380,"column":1}},"loc":{"start":{"line":365,"column":30},"end":{"line":380,"column":1}},"line":365},"28":{"name":"paSkillCounts","decl":{"start":{"line":383,"column":29},"end":{"line":396,"column":1}},"loc":{"start":{"line":383,"column":29},"end":{"line":396,"column":1}},"line":383},"29":{"name":"sreSupportStats","decl":{"start":{"line":399,"column":31},"end":{"line":403,"column":1}},"loc":{"start":{"line":399,"column":31},"end":{"line":403,"column":1}},"line":399},"30":{"name":"vocabSupportStats","decl":{"start":{"line":406,"column":33},"end":{"line":410,"column":1}},"loc":{"start":{"line":406,"column":33},"end":{"line":410,"column":1}},"line":406}},"f":{"0":0,"1":0,"2":0,"3":12,"4":5,"5":18,"6":13,"7":3,"8":28,"9":14,"10":6,"11":6,"12":0,"13":0,"14":11,"15":11,"16":0,"17":0,"18":30,"19":0,"20":1,"21":2,"22":2,"23":1,"24":0,"25":0,"26":2,"27":2,"28":2,"29":0,"30":0}}
}
